<?xml version="1.0" encoding="UTF-8"?>
<!-- Generated by org.testng.reporters.JUnitReportReporter -->
<testsuite hostname="DDC5-L-2J9T5Q2" name="com.test.Verifytest_me_app_Login" tests="1" failures="0" timestamp="30 Jan 2020 05:27:37 GMT" time="19.087" errors="0">
  <testcase name="verifyValidLogin" time="19.087" classname="com.test.Verifytest_me_app_Login"/>
</testsuite> <!-- com.test.Verifytest_me_app_Login -->
