<?xml version="1.0" encoding="UTF-8"?>
<!-- Generated by org.testng.reporters.JUnitReportReporter -->
<testsuite hostname="DDC5-L-2J9T5Q2" name="com.test.Verifytest_me_app_registration" tests="1" failures="0" timestamp="30 Jan 2020 05:27:37 GMT" time="17.508" errors="0">
  <testcase name="verifyValidRegistration" time="17.508" classname="com.test.Verifytest_me_app_registration"/>
</testsuite> <!-- com.test.Verifytest_me_app_registration -->
